mode: set
github.com/directoryxx/fiber-testing/helper/error.go:3.31,4.16 1 1
github.com/directoryxx/fiber-testing/helper/error.go:4.16,5.13 1 1
github.com/directoryxx/fiber-testing/config/database.go:5.32,8.23 3 1
github.com/directoryxx/fiber-testing/config/database.go:14.2,16.14 2 1
github.com/directoryxx/fiber-testing/config/database.go:8.23,10.3 1 1
github.com/directoryxx/fiber-testing/config/database.go:10.8,12.3 1 1
github.com/directoryxx/fiber-testing/config/load_env.go:5.35,6.16 1 1
github.com/directoryxx/fiber-testing/config/load_env.go:6.16,12.3 5 1
github.com/directoryxx/fiber-testing/repository/role_repository.go:20.52,24.2 1 0
github.com/directoryxx/fiber-testing/repository/role_repository.go:26.69,29.2 2 0
github.com/directoryxx/fiber-testing/repository/role_repository.go:31.81,34.2 2 0
github.com/directoryxx/fiber-testing/repository/role_repository.go:36.64,40.2 3 0
github.com/directoryxx/fiber-testing/repository/role_repository.go:42.54,46.2 3 0
github.com/directoryxx/fiber-testing/repository/role_repository.go:48.54,51.2 2 0
github.com/directoryxx/fiber-testing/repository/user_repository.go:20.52,24.2 1 0
github.com/directoryxx/fiber-testing/repository/user_repository.go:27.70,30.2 2 0
github.com/directoryxx/fiber-testing/repository/user_repository.go:32.82,35.2 2 0
github.com/directoryxx/fiber-testing/repository/user_repository.go:37.65,41.2 3 0
github.com/directoryxx/fiber-testing/repository/user_repository.go:43.55,47.2 3 0
github.com/directoryxx/fiber-testing/repository/user_repository.go:49.55,52.2 2 0
github.com/directoryxx/fiber-testing/service/role_service.go:22.69,26.2 1 0
github.com/directoryxx/fiber-testing/service/role_service.go:28.86,39.2 4 0
github.com/directoryxx/fiber-testing/service/role_service.go:41.100,52.2 4 0
github.com/directoryxx/fiber-testing/service/role_service.go:54.72,61.2 3 0
github.com/directoryxx/fiber-testing/service/role_service.go:63.63,66.28 3 0
github.com/directoryxx/fiber-testing/service/role_service.go:69.2,69.23 1 0
github.com/directoryxx/fiber-testing/service/role_service.go:66.28,68.3 1 0
github.com/directoryxx/fiber-testing/service/role_service.go:72.53,75.2 2 0
github.com/directoryxx/fiber-testing/controller/role_controller.go:27.82,32.2 1 0
github.com/directoryxx/fiber-testing/controller/role_controller.go:34.44,41.2 6 0
github.com/directoryxx/fiber-testing/controller/role_controller.go:43.57,44.34 1 0
github.com/directoryxx/fiber-testing/controller/role_controller.go:44.34,55.3 5 0
github.com/directoryxx/fiber-testing/controller/role_controller.go:58.57,59.34 1 0
github.com/directoryxx/fiber-testing/controller/role_controller.go:59.34,72.3 7 0
github.com/directoryxx/fiber-testing/controller/role_controller.go:75.57,76.34 1 0
github.com/directoryxx/fiber-testing/controller/role_controller.go:76.34,85.3 4 0
github.com/directoryxx/fiber-testing/controller/role_controller.go:88.59,89.34 1 0
github.com/directoryxx/fiber-testing/controller/role_controller.go:89.34,94.20 4 0
github.com/directoryxx/fiber-testing/controller/role_controller.go:102.3,105.5 1 0
github.com/directoryxx/fiber-testing/controller/role_controller.go:94.20,100.4 2 0
github.com/directoryxx/fiber-testing/controller/role_controller.go:109.58,110.34 1 0
github.com/directoryxx/fiber-testing/controller/role_controller.go:110.34,116.3 2 0
github.com/directoryxx/fiber-testing/main.go:21.13,23.36 2 1
github.com/directoryxx/fiber-testing/main.go:23.36,25.3 1 0
github.com/directoryxx/fiber-testing/main.go:30.29,61.2 16 1
